<?xml version="1.0" encoding="UTF-8"?>
<testng-results skipped="0" failed="0" ignored="0" total="1" passed="1">
  <reporter-output>
  </reporter-output>
  <suite name="Default suite" duration-ms="13094" started-at="2024-02-28T21:43:01 SGT" finished-at="2024-02-28T21:43:14 SGT">
    <groups>
    </groups>
    <test name="Default test" duration-ms="13094" started-at="2024-02-28T21:43:01 SGT" finished-at="2024-02-28T21:43:14 SGT">
      <class name="week5.day1.testNG.TestngSample">
        <test-method status="PASS" signature="loginPage()[pri:0, instance:week5.day1.testNG.TestngSample@43bd930a]" name="loginPage" duration-ms="13049" started-at="2024-02-28T21:43:01 SGT" finished-at="2024-02-28T21:43:14 SGT">
          <reporter-output>
          </reporter-output>
        </test-method> <!-- loginPage -->
      </class> <!-- week5.day1.testNG.TestngSample -->
    </test> <!-- Default test -->
  </suite> <!-- Default suite -->
</testng-results>
